Arguments: 
  C:\Program Files\nodejs\node.exe C:\Users\15577\AppData\Roaming\npm\node_modules\yarn\bin\yarn.js add --dev @babel/core @babel/cli @babel/plugin-transfrom-arrow-functions

PATH: 
  C:\Python27\;C:\Python27\Scripts;C:\Program Files (x86)\Common Files\Oracle\Java\javapath;C:\Windows\system32;C:\Windows;C:\Windows\System32\Wbem;C:\Windows\System32\WindowsPowerShell\v1.0\;C:\Windows\System32\OpenSSH\;C:\Program Files\nodejs\;C:\Program Files\Git\cmd;C:\Users\15577\AppData\Local\Microsoft\WindowsApps;C:\Users\15577\AppData\Local\Programs\Microsoft VS Code\bin;C:\Users\15577\AppData\Roaming\npm;D:\Program Files (x86)\Android\android-sdk\platform-tools;D:\mongodb\Server\4.0\bin;

Yarn version: 
  1.17.3

Node version: 
  10.16.3

Platform: 
  win32 x64

Trace: 
  Error: https://registry.npmjs.org/@babel%2fplugin-transfrom-arrow-functions: Not found
      at Request.params.callback [as _callback] (C:\Users\15577\AppData\Roaming\npm\node_modules\yarn\lib\cli.js:66830:18)
      at Request.self.callback (C:\Users\15577\AppData\Roaming\npm\node_modules\yarn\lib\cli.js:140464:22)
      at Request.emit (events.js:198:13)
      at Request.<anonymous> (C:\Users\15577\AppData\Roaming\npm\node_modules\yarn\lib\cli.js:141436:10)
      at Request.emit (events.js:198:13)
      at IncomingMessage.<anonymous> (C:\Users\15577\AppData\Roaming\npm\node_modules\yarn\lib\cli.js:141358:12)
      at Object.onceWrapper (events.js:286:20)
      at IncomingMessage.emit (events.js:203:15)
      at endReadableNT (_stream_readable.js:1145:12)
      at process._tickCallback (internal/process/next_tick.js:63:19)

npm manifest: 
  {
    "name": "4.babel-plugin-transfrom-arrow-fn",
    "version": "1.0.0",
    "main": "index.js",
    "license": "MIT"
  }

yarn manifest: 
  No manifest

Lockfile: 
  No lockfile
